2023-10-23 17:12:43,309 84980  [Gradle versions] WARN  gradle.PublishedGradleVersions  - Can't close stream after downloading published Gradle versions
javax.net.ssl.SSLException: Connection has been shutdown: javax.net.ssl.SSLException: Tag mismatch!
	at sun.security.ssl.SSLSocketImpl.checkEOF(Unknown Source)
	at sun.security.ssl.AppInputStream.available(Unknown Source)
	at java.io.BufferedInputStream.available(Unknown Source)
	at sun.net.www.MeteredStream.available(Unknown Source)
	at sun.net.www.http.KeepAliveStream.close(Unknown Source)
	at java.io.FilterInputStream.close(Unknown Source)
	at sun.net.www.protocol.http.HttpURLConnection$HttpInputStream.close(Unknown Source)
	at sun.nio.cs.StreamDecoder.implClose(Unknown Source)
	at sun.nio.cs.StreamDecoder.close(Unknown Source)
	at java.io.InputStreamReader.close(Unknown Source)
	at com.google.common.io.Closeables.close(Closeables.java:78)
	at org.eclipse.buildship.core.internal.util.gradle.PublishedGradleVersions.downloadVersionInformation(PublishedGradleVersions.java:169)
	at org.eclipse.buildship.core.internal.util.gradle.PublishedGradleVersions.tryToDownloadAndCacheVersions(PublishedGradleVersions.java:149)
	at org.eclipse.buildship.core.internal.util.gradle.PublishedGradleVersions.tryToUpdateOutdatedVersionsFile(PublishedGradleVersions.java:133)
	at org.eclipse.buildship.core.internal.util.gradle.PublishedGradleVersions.create(PublishedGradleVersions.java:117)
	at org.eclipse.buildship.core.internal.util.gradle.PublishedGradleVersionsWrapper$LoadVersionsJob.run(PublishedGradleVersionsWrapper.java:60)
	at org.eclipse.core.internal.jobs.Worker.run(Worker.java:63)
Caused by: javax.net.ssl.SSLException: Tag mismatch!
	at sun.security.ssl.Alerts.getSSLException(Unknown Source)
	at sun.security.ssl.SSLSocketImpl.fatal(Unknown Source)
	at sun.security.ssl.SSLSocketImpl.readRecord(Unknown Source)
	at sun.security.ssl.SSLSocketImpl.readDataRecord(Unknown Source)
	at sun.security.ssl.AppInputStream.read(Unknown Source)
	at java.io.BufferedInputStream.read1(Unknown Source)
	at java.io.BufferedInputStream.read(Unknown Source)
	at sun.net.www.MeteredStream.read(Unknown Source)
	at java.io.FilterInputStream.read(Unknown Source)
	at sun.net.www.protocol.http.HttpURLConnection$HttpInputStream.read(Unknown Source)
	at sun.nio.cs.StreamDecoder.readBytes(Unknown Source)
	at sun.nio.cs.StreamDecoder.implRead(Unknown Source)
	at sun.nio.cs.StreamDecoder.read(Unknown Source)
	at java.io.InputStreamReader.read(Unknown Source)
	at java.io.Reader.read(Unknown Source)
	at com.google.common.io.CharStreams.copyReaderToBuilder(CharStreams.java:119)
	at com.google.common.io.CharStreams.toStringBuilder(CharStreams.java:177)
	at com.google.common.io.CharStreams.toString(CharStreams.java:163)
	at org.eclipse.buildship.core.internal.util.gradle.PublishedGradleVersions.downloadVersionInformation(PublishedGradleVersions.java:163)
	... 5 more
Caused by: javax.crypto.AEADBadTagException: Tag mismatch!
	at com.sun.crypto.provider.GaloisCounterMode.decryptFinal(GaloisCounterMode.java:578)
	at com.sun.crypto.provider.CipherCore.finalNoPadding(CipherCore.java:1116)
	at com.sun.crypto.provider.CipherCore.fillOutputBuffer(CipherCore.java:1053)
	at com.sun.crypto.provider.CipherCore.doFinal(CipherCore.java:941)
	at com.sun.crypto.provider.AESCipher.engineDoFinal(AESCipher.java:491)
	at javax.crypto.Cipher.doFinal(Cipher.java:2376)
	at sun.security.ssl.CipherBox.decrypt(Unknown Source)
	at sun.security.ssl.InputRecord.decrypt(Unknown Source)
	... 22 more
